Arguments: 
  /home/fortal/.nvm/versions/node/v11.14.0/bin/node /usr/share/yarn/bin/yarn.js add ts-node--dev -d

PATH: 
  /home/fortal/.serverless/bin:/home/fortal/.nvm/versions/node/v11.14.0/bin:/home/fortal/.serverless/bin:/home/fortal/.local/bin:/usr/local/sbin:/usr/local/bin:/usr/sbin:/usr/bin:/sbin:/bin:/usr/games:/usr/local/games:/snap/bin:/home/fortal/Android/Sdk/tools:/home/fortal/Android/Sdk/platform-tools:/home/fortal/Android/Sdk/emulator:/home/fortal/Android/Sdk/tools:/home/fortal/Android/Sdk/tools/bin:/home/fortal/Android/Sdk/platform-tools:/home/fortal/Documents/brigido/fortal/projects/dart/flutter/bin:/home/fortal/Documents/brigido/fortal/projects/dart/flutter/bin/cache/dart-sdk/bin

Yarn version: 
  1.21.1

Node version: 
  11.14.0

Platform: 
  linux x64

Trace: 
  Error: https://registry.yarnpkg.com/ts-node--dev: Not found
      at Request.params.callback [as _callback] (/usr/share/yarn/lib/cli.js:66947:18)
      at Request.self.callback (/usr/share/yarn/lib/cli.js:140665:22)
      at Request.emit (events.js:193:13)
      at Request.<anonymous> (/usr/share/yarn/lib/cli.js:141637:10)
      at Request.emit (events.js:193:13)
      at IncomingMessage.<anonymous> (/usr/share/yarn/lib/cli.js:141559:12)
      at Object.onceWrapper (events.js:281:20)
      at IncomingMessage.emit (events.js:198:15)
      at endReadableNT (_stream_readable.js:1139:12)
      at processTicksAndRejections (internal/process/task_queues.js:81:17)

npm manifest: 
  {
    "name": "initial",
    "version": "1.0.0",
    "main": "index.js",
    "repository": "https://github.com/lucasabrigido/NLW-2---Rocketseat---Proffy-Backend.git",
    "author": "Lucas Brígido <lucasbrigido@fortalsistemas.com.br>",
    "license": "MIT",
    "devDependencies": {
      "typescript": "^3.9.7"
    }
  }

yarn manifest: 
  No manifest

Lockfile: 
  # THIS IS AN AUTOGENERATED FILE. DO NOT EDIT THIS FILE DIRECTLY.
  # yarn lockfile v1
  
  
  typescript@^3.9.7:
    version "3.9.7"
    resolved "https://registry.yarnpkg.com/typescript/-/typescript-3.9.7.tgz#98d600a5ebdc38f40cb277522f12dc800e9e25fa"
    integrity sha512-BLbiRkiBzAwsjut4x/dsibSTB6yWpwT5qWmC2OfuCg3GgVQCSgMs4vEctYPhsaGtd0AeuuHMkjZ2h2WG8MSzRw==
